[33mWARNING[0m:  [31-08-2024 18:48:51] chroma_server_nofile is not supported on Windows. chroma_server_nofile will not be set.
[33mWARNING[0m:  [31-08-2024 18:57:22] chroma_server_nofile is not supported on Windows. chroma_server_nofile will not be set.
[32mINFO[0m:     [31-08-2024 18:57:23] Anonymized telemetry enabled. See                     https://docs.trychroma.com/telemetry for more information.
[36mDEBUG[0m:    [31-08-2024 18:57:23] Starting component System
[36mDEBUG[0m:    [31-08-2024 18:57:23] Starting component OpenTelemetryClient
[36mDEBUG[0m:    [31-08-2024 18:57:23] Starting component SqliteDB
[36mDEBUG[0m:    [31-08-2024 18:57:23] Starting component QuotaEnforcer
[36mDEBUG[0m:    [31-08-2024 18:57:23] Starting component Posthog
[36mDEBUG[0m:    [31-08-2024 18:57:23] Starting component LocalSegmentManager
[36mDEBUG[0m:    [31-08-2024 18:57:23] Starting component SegmentAPI
[32mINFO[0m:     [31-08-2024 18:57:23] Started server process [[36m27636[0m]
[32mINFO[0m:     [31-08-2024 18:57:23] Waiting for application startup.
[32mINFO[0m:     [31-08-2024 18:57:23] Application startup complete.
[32mINFO[0m:     [31-08-2024 18:57:23] Uvicorn running on [1mhttp://localhost:8000[0m (Press CTRL+C to quit)
[32mINFO[0m:     [31-08-2024 18:57:27] ::1:52291 - "GET / HTTP/1.1" 404
[32mINFO[0m:     [31-08-2024 18:57:28] ::1:52291 - "GET /favicon.ico HTTP/1.1" 404
[32mINFO[0m:     [31-08-2024 18:57:44] ::1:52317 - "GET /api/v1/tenants/default_tenant HTTP/1.1" 200
[32mINFO[0m:     [31-08-2024 18:57:44] ::1:52317 - "GET /api/v1/databases/default_database?tenant=default_tenant HTTP/1.1" 200
[32mINFO[0m:     [31-08-2024 18:57:44] ::1:52318 - "POST /api/v1/collections?tenant=default_tenant&database=default_database HTTP/1.1" 200
[32mINFO[0m:     [31-08-2024 19:16:37] Shutting down
[32mINFO[0m:     [31-08-2024 19:16:37] Waiting for application shutdown.
[36mDEBUG[0m:    [31-08-2024 19:16:37] Stopping component System
[36mDEBUG[0m:    [31-08-2024 19:16:37] Stopping component SegmentAPI
[36mDEBUG[0m:    [31-08-2024 19:16:37] Stopping component LocalSegmentManager
[36mDEBUG[0m:    [31-08-2024 19:16:37] Stopping component Posthog
[36mDEBUG[0m:    [31-08-2024 19:16:37] Stopping component QuotaEnforcer
[36mDEBUG[0m:    [31-08-2024 19:16:37] Stopping component SqliteDB
[36mDEBUG[0m:    [31-08-2024 19:16:37] Stopping component OpenTelemetryClient
[32mINFO[0m:     [31-08-2024 19:16:37] Application shutdown complete.
[32mINFO[0m:     [31-08-2024 19:16:37] Finished server process [[36m27636[0m]
